[2023-05-26 02:42:09] local.ERROR: SQLSTATE[42S22]: Column not found: 1054 Unknown column 'src' in 'field list' (Connection: mysql, SQL: insert into `tutorial` (`src`, `title`, `updated_at`, `created_at`) values (https://www.youtube.com/embed/VMtzNt1WWDI, teste, 2023-05-26 02:42:09, 2023-05-26 02:42:09)) {"exception":"[object] (Illuminate\\Database\\QueryException(code: 42S22): SQLSTATE[42S22]: Column not found: 1054 Unknown column 'src' in 'field list' (Connection: mysql, SQL: insert into `tutorial` (`src`, `title`, `updated_at`, `created_at`) values (https://www.youtube.com/embed/VMtzNt1WWDI, teste, 2023-05-26 02:42:09, 2023-05-26 02:42:09)) at /home/tomas/Projetos/ChatBotBack/chat-bot/vendor/laravel/framework/src/Illuminate/Database/Connection.php:793)
[stacktrace]
#0 /home/tomas/Projetos/ChatBotBack/chat-bot/vendor/laravel/framework/src/Illuminate/Database/Connection.php(753): Illuminate\\Database\\Connection->runQueryCallback()
#1 /home/tomas/Projetos/ChatBotBack/chat-bot/vendor/laravel/framework/src/Illuminate/Database/Connection.php(579): Illuminate\\Database\\Connection->run()
#2 /home/tomas/Projetos/ChatBotBack/chat-bot/vendor/laravel/framework/src/Illuminate/Database/Connection.php(531): Illuminate\\Database\\Connection->statement()
#3 /home/tomas/Projetos/ChatBotBack/chat-bot/vendor/laravel/framework/src/Illuminate/Database/Query/Processors/Processor.php(32): Illuminate\\Database\\Connection->insert()
#4 /home/tomas/Projetos/ChatBotBack/chat-bot/vendor/laravel/framework/src/Illuminate/Database/Query/Builder.php(3341): Illuminate\\Database\\Query\\Processors\\Processor->processInsertGetId()
#5 /home/tomas/Projetos/ChatBotBack/chat-bot/vendor/laravel/framework/src/Illuminate/Database/Eloquent/Builder.php(1904): Illuminate\\Database\\Query\\Builder->insertGetId()
#6 /home/tomas/Projetos/ChatBotBack/chat-bot/vendor/laravel/framework/src/Illuminate/Database/Eloquent/Model.php(1335): Illuminate\\Database\\Eloquent\\Builder->__call()
#7 /home/tomas/Projetos/ChatBotBack/chat-bot/vendor/laravel/framework/src/Illuminate/Database/Eloquent/Model.php(1300): Illuminate\\Database\\Eloquent\\Model->insertAndSetId()
#8 /home/tomas/Projetos/ChatBotBack/chat-bot/vendor/laravel/framework/src/Illuminate/Database/Eloquent/Model.php(1139): Illuminate\\Database\\Eloquent\\Model->performInsert()
#9 /home/tomas/Projetos/ChatBotBack/chat-bot/vendor/laravel/framework/src/Illuminate/Database/Eloquent/Builder.php(996): Illuminate\\Database\\Eloquent\\Model->save()
#10 /home/tomas/Projetos/ChatBotBack/chat-bot/vendor/laravel/framework/src/Illuminate/Support/helpers.php(306): Illuminate\\Database\\Eloquent\\Builder->Illuminate\\Database\\Eloquent\\{closure}()
#11 /home/tomas/Projetos/ChatBotBack/chat-bot/vendor/laravel/framework/src/Illuminate/Database/Eloquent/Builder.php(997): tap()
#12 /home/tomas/Projetos/ChatBotBack/chat-bot/vendor/laravel/framework/src/Illuminate/Support/Traits/ForwardsCalls.php(23): Illuminate\\Database\\Eloquent\\Builder->create()
#13 /home/tomas/Projetos/ChatBotBack/chat-bot/vendor/laravel/framework/src/Illuminate/Database/Eloquent/Model.php(2335): Illuminate\\Database\\Eloquent\\Model->forwardCallTo()
#14 /home/tomas/Projetos/ChatBotBack/chat-bot/vendor/laravel/framework/src/Illuminate/Database/Eloquent/Model.php(2347): Illuminate\\Database\\Eloquent\\Model->__call()
#15 /home/tomas/Projetos/ChatBotBack/chat-bot/app/Http/Controllers/api/TutorialController.php(32): Illuminate\\Database\\Eloquent\\Model::__callStatic()
#16 /home/tomas/Projetos/ChatBotBack/chat-bot/vendor/laravel/framework/src/Illuminate/Routing/Controller.php(54): App\\Http\\Controllers\\api\\TutorialController->store()
#17 /home/tomas/Projetos/ChatBotBack/chat-bot/vendor/laravel/framework/src/Illuminate/Routing/ControllerDispatcher.php(43): Illuminate\\Routing\\Controller->callAction()
#18 /home/tomas/Projetos/ChatBotBack/chat-bot/vendor/laravel/framework/src/Illuminate/Routing/Route.php(260): Illuminate\\Routing\\ControllerDispatcher->dispatch()
#19 /home/tomas/Projetos/ChatBotBack/chat-bot/vendor/laravel/framework/src/Illuminate/Routing/Route.php(205): Illuminate\\Routing\\Route->runController()
#20 /home/tomas/Projetos/ChatBotBack/chat-bot/vendor/laravel/framework/src/Illuminate/Routing/Router.php(798): Illuminate\\Routing\\Route->run()
#21 /home/tomas/Projetos/ChatBotBack/chat-bot/vendor/laravel/framework/src/Illuminate/Pipeline/Pipeline.php(141): Illuminate\\Routing\\Router->Illuminate\\Routing\\{closure}()
#22 /home/tomas/Projetos/ChatBotBack/chat-bot/vendor/laravel/framework/src/Illuminate/Routing/Middleware/SubstituteBindings.php(50): Illuminate\\Pipeline\\Pipeline->Illuminate\\Pipeline\\{closure}()
#23 /home/tomas/Projetos/ChatBotBack/chat-bot/vendor/laravel/framework/src/Illuminate/Pipeline/Pipeline.php(180): Illuminate\\Routing\\Middleware\\SubstituteBindings->handle()
#24 /home/tomas/Projetos/ChatBotBack/chat-bot/vendor/laravel/framework/src/Illuminate/Routing/Middleware/ThrottleRequests.php(152): Illuminate\\Pipeline\\Pipeline->Illuminate\\Pipeline\\{closure}()
#25 /home/tomas/Projetos/ChatBotBack/chat-bot/vendor/laravel/framework/src/Illuminate/Routing/Middleware/ThrottleRequests.php(128): Illuminate\\Routing\\Middleware\\ThrottleRequests->handleRequest()
#26 /home/tomas/Projetos/ChatBotBack/chat-bot/vendor/laravel/framework/src/Illuminate/Routing/Middleware/ThrottleRequests.php(80): Illuminate\\Routing\\Middleware\\ThrottleRequests->handleRequestUsingNamedLimiter()
#27 /home/tomas/Projetos/ChatBotBack/chat-bot/vendor/laravel/framework/src/Illuminate/Pipeline/Pipeline.php(180): Illuminate\\Routing\\Middleware\\ThrottleRequests->handle()
#28 /home/tomas/Projetos/ChatBotBack/chat-bot/vendor/laravel/framework/src/Illuminate/Pipeline/Pipeline.php(116): Illuminate\\Pipeline\\Pipeline->Illuminate\\Pipeline\\{closure}()
#29 /home/tomas/Projetos/ChatBotBack/chat-bot/vendor/laravel/framework/src/Illuminate/Routing/Router.php(799): Illuminate\\Pipeline\\Pipeline->then()
#30 /home/tomas/Projetos/ChatBotBack/chat-bot/vendor/laravel/framework/src/Illuminate/Routing/Router.php(776): Illuminate\\Routing\\Router->runRouteWithinStack()
#31 /home/tomas/Projetos/ChatBotBack/chat-bot/vendor/laravel/framework/src/Illuminate/Routing/Router.php(740): Illuminate\\Routing\\Router->runRoute()
#32 /home/tomas/Projetos/ChatBotBack/chat-bot/vendor/laravel/framework/src/Illuminate/Routing/Router.php(729): Illuminate\\Routing\\Router->dispatchToRoute()
#33 /home/tomas/Projetos/ChatBotBack/chat-bot/vendor/laravel/framework/src/Illuminate/Foundation/Http/Kernel.php(200): Illuminate\\Routing\\Router->dispatch()
#34 /home/tomas/Projetos/ChatBotBack/chat-bot/vendor/laravel/framework/src/Illuminate/Pipeline/Pipeline.php(141): Illuminate\\Foundation\\Http\\Kernel->Illuminate\\Foundation\\Http\\{closure}()
#35 /home/tomas/Projetos/ChatBotBack/chat-bot/vendor/laravel/framework/src/Illuminate/Foundation/Http/Middleware/TransformsRequest.php(21): Illuminate\\Pipeline\\Pipeline->Illuminate\\Pipeline\\{closure}()
#36 /home/tomas/Projetos/ChatBotBack/chat-bot/vendor/laravel/framework/src/Illuminate/Foundation/Http/Middleware/ConvertEmptyStringsToNull.php(31): Illuminate\\Foundation\\Http\\Middleware\\TransformsRequest->handle()
#37 /home/tomas/Projetos/ChatBotBack/chat-bot/vendor/laravel/framework/src/Illuminate/Pipeline/Pipeline.php(180): Illuminate\\Foundation\\Http\\Middleware\\ConvertEmptyStringsToNull->handle()
#38 /home/tomas/Projetos/ChatBotBack/chat-bot/vendor/laravel/framework/src/Illuminate/Foundation/Http/Middleware/TransformsRequest.php(21): Illuminate\\Pipeline\\Pipeline->Illuminate\\Pipeline\\{closure}()
#39 /home/tomas/Projetos/ChatBotBack/chat-bot/vendor/laravel/framework/src/Illuminate/Foundation/Http/Middleware/TrimStrings.php(40): Illuminate\\Foundation\\Http\\Middleware\\TransformsRequest->handle()
#40 /home/tomas/Projetos/ChatBotBack/chat-bot/vendor/laravel/framework/src/Illuminate/Pipeline/Pipeline.php(180): Illuminate\\Foundation\\Http\\Middleware\\TrimStrings->handle()
#41 /home/tomas/Projetos/ChatBotBack/chat-bot/vendor/laravel/framework/src/Illuminate/Foundation/Http/Middleware/ValidatePostSize.php(27): Illuminate\\Pipeline\\Pipeline->Illuminate\\Pipeline\\{closure}()
#42 /home/tomas/Projetos/ChatBotBack/chat-bot/vendor/laravel/framework/src/Illuminate/Pipeline/Pipeline.php(180): Illuminate\\Foundation\\Http\\Middleware\\ValidatePostSize->handle()
#43 /home/tomas/Projetos/ChatBotBack/chat-bot/vendor/laravel/framework/src/Illuminate/Foundation/Http/Middleware/PreventRequestsDuringMaintenance.php(86): Illuminate\\Pipeline\\Pipeline->Illuminate\\Pipeline\\{closure}()
#44 /home/tomas/Projetos/ChatBotBack/chat-bot/vendor/laravel/framework/src/Illuminate/Pipeline/Pipeline.php(180): Illuminate\\Foundation\\Http\\Middleware\\PreventRequestsDuringMaintenance->handle()
#45 /home/tomas/Projetos/ChatBotBack/chat-bot/vendor/laravel/framework/src/Illuminate/Http/Middleware/HandleCors.php(62): Illuminate\\Pipeline\\Pipeline->Illuminate\\Pipeline\\{closure}()
#46 /home/tomas/Projetos/ChatBotBack/chat-bot/vendor/laravel/framework/src/Illuminate/Pipeline/Pipeline.php(180): Illuminate\\Http\\Middleware\\HandleCors->handle()
#47 /home/tomas/Projetos/ChatBotBack/chat-bot/vendor/laravel/framework/src/Illuminate/Http/Middleware/TrustProxies.php(39): Illuminate\\Pipeline\\Pipeline->Illuminate\\Pipeline\\{closure}()
#48 /home/tomas/Projetos/ChatBotBack/chat-bot/vendor/laravel/framework/src/Illuminate/Pipeline/Pipeline.php(180): Illuminate\\Http\\Middleware\\TrustProxies->handle()
#49 /home/tomas/Projetos/ChatBotBack/chat-bot/vendor/laravel/framework/src/Illuminate/Pipeline/Pipeline.php(116): Illuminate\\Pipeline\\Pipeline->Illuminate\\Pipeline\\{closure}()
#50 /home/tomas/Projetos/ChatBotBack/chat-bot/vendor/laravel/framework/src/Illuminate/Foundation/Http/Kernel.php(175): Illuminate\\Pipeline\\Pipeline->then()
#51 /home/tomas/Projetos/ChatBotBack/chat-bot/vendor/laravel/framework/src/Illuminate/Foundation/Http/Kernel.php(144): Illuminate\\Foundation\\Http\\Kernel->sendRequestThroughRouter()
#52 /home/tomas/Projetos/ChatBotBack/chat-bot/public/index.php(52): Illuminate\\Foundation\\Http\\Kernel->handle()
#53 /home/tomas/Projetos/ChatBotBack/chat-bot/vendor/laravel/framework/src/Illuminate/Foundation/resources/server.php(16): require_once('...')
#54 {main}

[previous exception] [object] (PDOException(code: 42S22): SQLSTATE[42S22]: Column not found: 1054 Unknown column 'src' in 'field list' at /home/tomas/Projetos/ChatBotBack/chat-bot/vendor/laravel/framework/src/Illuminate/Database/Connection.php:572)
[stacktrace]
#0 /home/tomas/Projetos/ChatBotBack/chat-bot/vendor/laravel/framework/src/Illuminate/Database/Connection.php(572): PDO->prepare()
#1 /home/tomas/Projetos/ChatBotBack/chat-bot/vendor/laravel/framework/src/Illuminate/Database/Connection.php(786): Illuminate\\Database\\Connection->Illuminate\\Database\\{closure}()
#2 /home/tomas/Projetos/ChatBotBack/chat-bot/vendor/laravel/framework/src/Illuminate/Database/Connection.php(753): Illuminate\\Database\\Connection->runQueryCallback()
#3 /home/tomas/Projetos/ChatBotBack/chat-bot/vendor/laravel/framework/src/Illuminate/Database/Connection.php(579): Illuminate\\Database\\Connection->run()
#4 /home/tomas/Projetos/ChatBotBack/chat-bot/vendor/laravel/framework/src/Illuminate/Database/Connection.php(531): Illuminate\\Database\\Connection->statement()
#5 /home/tomas/Projetos/ChatBotBack/chat-bot/vendor/laravel/framework/src/Illuminate/Database/Query/Processors/Processor.php(32): Illuminate\\Database\\Connection->insert()
#6 /home/tomas/Projetos/ChatBotBack/chat-bot/vendor/laravel/framework/src/Illuminate/Database/Query/Builder.php(3341): Illuminate\\Database\\Query\\Processors\\Processor->processInsertGetId()
#7 /home/tomas/Projetos/ChatBotBack/chat-bot/vendor/laravel/framework/src/Illuminate/Database/Eloquent/Builder.php(1904): Illuminate\\Database\\Query\\Builder->insertGetId()
#8 /home/tomas/Projetos/ChatBotBack/chat-bot/vendor/laravel/framework/src/Illuminate/Database/Eloquent/Model.php(1335): Illuminate\\Database\\Eloquent\\Builder->__call()
#9 /home/tomas/Projetos/ChatBotBack/chat-bot/vendor/laravel/framework/src/Illuminate/Database/Eloquent/Model.php(1300): Illuminate\\Database\\Eloquent\\Model->insertAndSetId()
#10 /home/tomas/Projetos/ChatBotBack/chat-bot/vendor/laravel/framework/src/Illuminate/Database/Eloquent/Model.php(1139): Illuminate\\Database\\Eloquent\\Model->performInsert()
#11 /home/tomas/Projetos/ChatBotBack/chat-bot/vendor/laravel/framework/src/Illuminate/Database/Eloquent/Builder.php(996): Illuminate\\Database\\Eloquent\\Model->save()
#12 /home/tomas/Projetos/ChatBotBack/chat-bot/vendor/laravel/framework/src/Illuminate/Support/helpers.php(306): Illuminate\\Database\\Eloquent\\Builder->Illuminate\\Database\\Eloquent\\{closure}()
#13 /home/tomas/Projetos/ChatBotBack/chat-bot/vendor/laravel/framework/src/Illuminate/Database/Eloquent/Builder.php(997): tap()
#14 /home/tomas/Projetos/ChatBotBack/chat-bot/vendor/laravel/framework/src/Illuminate/Support/Traits/ForwardsCalls.php(23): Illuminate\\Database\\Eloquent\\Builder->create()
#15 /home/tomas/Projetos/ChatBotBack/chat-bot/vendor/laravel/framework/src/Illuminate/Database/Eloquent/Model.php(2335): Illuminate\\Database\\Eloquent\\Model->forwardCallTo()
#16 /home/tomas/Projetos/ChatBotBack/chat-bot/vendor/laravel/framework/src/Illuminate/Database/Eloquent/Model.php(2347): Illuminate\\Database\\Eloquent\\Model->__call()
#17 /home/tomas/Projetos/ChatBotBack/chat-bot/app/Http/Controllers/api/TutorialController.php(32): Illuminate\\Database\\Eloquent\\Model::__callStatic()
#18 /home/tomas/Projetos/ChatBotBack/chat-bot/vendor/laravel/framework/src/Illuminate/Routing/Controller.php(54): App\\Http\\Controllers\\api\\TutorialController->store()
#19 /home/tomas/Projetos/ChatBotBack/chat-bot/vendor/laravel/framework/src/Illuminate/Routing/ControllerDispatcher.php(43): Illuminate\\Routing\\Controller->callAction()
#20 /home/tomas/Projetos/ChatBotBack/chat-bot/vendor/laravel/framework/src/Illuminate/Routing/Route.php(260): Illuminate\\Routing\\ControllerDispatcher->dispatch()
#21 /home/tomas/Projetos/ChatBotBack/chat-bot/vendor/laravel/framework/src/Illuminate/Routing/Route.php(205): Illuminate\\Routing\\Route->runController()
#22 /home/tomas/Projetos/ChatBotBack/chat-bot/vendor/laravel/framework/src/Illuminate/Routing/Router.php(798): Illuminate\\Routing\\Route->run()
#23 /home/tomas/Projetos/ChatBotBack/chat-bot/vendor/laravel/framework/src/Illuminate/Pipeline/Pipeline.php(141): Illuminate\\Routing\\Router->Illuminate\\Routing\\{closure}()
#24 /home/tomas/Projetos/ChatBotBack/chat-bot/vendor/laravel/framework/src/Illuminate/Routing/Middleware/SubstituteBindings.php(50): Illuminate\\Pipeline\\Pipeline->Illuminate\\Pipeline\\{closure}()
#25 /home/tomas/Projetos/ChatBotBack/chat-bot/vendor/laravel/framework/src/Illuminate/Pipeline/Pipeline.php(180): Illuminate\\Routing\\Middleware\\SubstituteBindings->handle()
#26 /home/tomas/Projetos/ChatBotBack/chat-bot/vendor/laravel/framework/src/Illuminate/Routing/Middleware/ThrottleRequests.php(152): Illuminate\\Pipeline\\Pipeline->Illuminate\\Pipeline\\{closure}()
#27 /home/tomas/Projetos/ChatBotBack/chat-bot/vendor/laravel/framework/src/Illuminate/Routing/Middleware/ThrottleRequests.php(128): Illuminate\\Routing\\Middleware\\ThrottleRequests->handleRequest()
#28 /home/tomas/Projetos/ChatBotBack/chat-bot/vendor/laravel/framework/src/Illuminate/Routing/Middleware/ThrottleRequests.php(80): Illuminate\\Routing\\Middleware\\ThrottleRequests->handleRequestUsingNamedLimiter()
#29 /home/tomas/Projetos/ChatBotBack/chat-bot/vendor/laravel/framework/src/Illuminate/Pipeline/Pipeline.php(180): Illuminate\\Routing\\Middleware\\ThrottleRequests->handle()
#30 /home/tomas/Projetos/ChatBotBack/chat-bot/vendor/laravel/framework/src/Illuminate/Pipeline/Pipeline.php(116): Illuminate\\Pipeline\\Pipeline->Illuminate\\Pipeline\\{closure}()
#31 /home/tomas/Projetos/ChatBotBack/chat-bot/vendor/laravel/framework/src/Illuminate/Routing/Router.php(799): Illuminate\\Pipeline\\Pipeline->then()
#32 /home/tomas/Projetos/ChatBotBack/chat-bot/vendor/laravel/framework/src/Illuminate/Routing/Router.php(776): Illuminate\\Routing\\Router->runRouteWithinStack()
#33 /home/tomas/Projetos/ChatBotBack/chat-bot/vendor/laravel/framework/src/Illuminate/Routing/Router.php(740): Illuminate\\Routing\\Router->runRoute()
#34 /home/tomas/Projetos/ChatBotBack/chat-bot/vendor/laravel/framework/src/Illuminate/Routing/Router.php(729): Illuminate\\Routing\\Router->dispatchToRoute()
#35 /home/tomas/Projetos/ChatBotBack/chat-bot/vendor/laravel/framework/src/Illuminate/Foundation/Http/Kernel.php(200): Illuminate\\Routing\\Router->dispatch()
#36 /home/tomas/Projetos/ChatBotBack/chat-bot/vendor/laravel/framework/src/Illuminate/Pipeline/Pipeline.php(141): Illuminate\\Foundation\\Http\\Kernel->Illuminate\\Foundation\\Http\\{closure}()
#37 /home/tomas/Projetos/ChatBotBack/chat-bot/vendor/laravel/framework/src/Illuminate/Foundation/Http/Middleware/TransformsRequest.php(21): Illuminate\\Pipeline\\Pipeline->Illuminate\\Pipeline\\{closure}()
#38 /home/tomas/Projetos/ChatBotBack/chat-bot/vendor/laravel/framework/src/Illuminate/Foundation/Http/Middleware/ConvertEmptyStringsToNull.php(31): Illuminate\\Foundation\\Http\\Middleware\\TransformsRequest->handle()
#39 /home/tomas/Projetos/ChatBotBack/chat-bot/vendor/laravel/framework/src/Illuminate/Pipeline/Pipeline.php(180): Illuminate\\Foundation\\Http\\Middleware\\ConvertEmptyStringsToNull->handle()
#40 /home/tomas/Projetos/ChatBotBack/chat-bot/vendor/laravel/framework/src/Illuminate/Foundation/Http/Middleware/TransformsRequest.php(21): Illuminate\\Pipeline\\Pipeline->Illuminate\\Pipeline\\{closure}()
#41 /home/tomas/Projetos/ChatBotBack/chat-bot/vendor/laravel/framework/src/Illuminate/Foundation/Http/Middleware/TrimStrings.php(40): Illuminate\\Foundation\\Http\\Middleware\\TransformsRequest->handle()
#42 /home/tomas/Projetos/ChatBotBack/chat-bot/vendor/laravel/framework/src/Illuminate/Pipeline/Pipeline.php(180): Illuminate\\Foundation\\Http\\Middleware\\TrimStrings->handle()
#43 /home/tomas/Projetos/ChatBotBack/chat-bot/vendor/laravel/framework/src/Illuminate/Foundation/Http/Middleware/ValidatePostSize.php(27): Illuminate\\Pipeline\\Pipeline->Illuminate\\Pipeline\\{closure}()
#44 /home/tomas/Projetos/ChatBotBack/chat-bot/vendor/laravel/framework/src/Illuminate/Pipeline/Pipeline.php(180): Illuminate\\Foundation\\Http\\Middleware\\ValidatePostSize->handle()
#45 /home/tomas/Projetos/ChatBotBack/chat-bot/vendor/laravel/framework/src/Illuminate/Foundation/Http/Middleware/PreventRequestsDuringMaintenance.php(86): Illuminate\\Pipeline\\Pipeline->Illuminate\\Pipeline\\{closure}()
#46 /home/tomas/Projetos/ChatBotBack/chat-bot/vendor/laravel/framework/src/Illuminate/Pipeline/Pipeline.php(180): Illuminate\\Foundation\\Http\\Middleware\\PreventRequestsDuringMaintenance->handle()
#47 /home/tomas/Projetos/ChatBotBack/chat-bot/vendor/laravel/framework/src/Illuminate/Http/Middleware/HandleCors.php(62): Illuminate\\Pipeline\\Pipeline->Illuminate\\Pipeline\\{closure}()
#48 /home/tomas/Projetos/ChatBotBack/chat-bot/vendor/laravel/framework/src/Illuminate/Pipeline/Pipeline.php(180): Illuminate\\Http\\Middleware\\HandleCors->handle()
#49 /home/tomas/Projetos/ChatBotBack/chat-bot/vendor/laravel/framework/src/Illuminate/Http/Middleware/TrustProxies.php(39): Illuminate\\Pipeline\\Pipeline->Illuminate\\Pipeline\\{closure}()
#50 /home/tomas/Projetos/ChatBotBack/chat-bot/vendor/laravel/framework/src/Illuminate/Pipeline/Pipeline.php(180): Illuminate\\Http\\Middleware\\TrustProxies->handle()
#51 /home/tomas/Projetos/ChatBotBack/chat-bot/vendor/laravel/framework/src/Illuminate/Pipeline/Pipeline.php(116): Illuminate\\Pipeline\\Pipeline->Illuminate\\Pipeline\\{closure}()
#52 /home/tomas/Projetos/ChatBotBack/chat-bot/vendor/laravel/framework/src/Illuminate/Foundation/Http/Kernel.php(175): Illuminate\\Pipeline\\Pipeline->then()
#53 /home/tomas/Projetos/ChatBotBack/chat-bot/vendor/laravel/framework/src/Illuminate/Foundation/Http/Kernel.php(144): Illuminate\\Foundation\\Http\\Kernel->sendRequestThroughRouter()
#54 /home/tomas/Projetos/ChatBotBack/chat-bot/public/index.php(52): Illuminate\\Foundation\\Http\\Kernel->handle()
#55 /home/tomas/Projetos/ChatBotBack/chat-bot/vendor/laravel/framework/src/Illuminate/Foundation/resources/server.php(16): require_once('...')
#56 {main}
"} 
[2023-05-26 03:47:11] local.ERROR: SQLSTATE[42S02]: Base table or view not found: 1146 Table 'projetointegrador.question' doesn't exist (Connection: mysql, SQL: select `resposta` from `question` where `pergunta` = hello limit 1) {"exception":"[object] (Illuminate\\Database\\QueryException(code: 42S02): SQLSTATE[42S02]: Base table or view not found: 1146 Table 'projetointegrador.question' doesn't exist (Connection: mysql, SQL: select `resposta` from `question` where `pergunta` = hello limit 1) at /home/tomas/Projetos/ChatBotBack/chat-bot/vendor/laravel/framework/src/Illuminate/Database/Connection.php:793)
[stacktrace]
#0 /home/tomas/Projetos/ChatBotBack/chat-bot/vendor/laravel/framework/src/Illuminate/Database/Connection.php(753): Illuminate\\Database\\Connection->runQueryCallback()
#1 /home/tomas/Projetos/ChatBotBack/chat-bot/vendor/laravel/framework/src/Illuminate/Database/Connection.php(422): Illuminate\\Database\\Connection->run()
#2 /home/tomas/Projetos/ChatBotBack/chat-bot/vendor/laravel/framework/src/Illuminate/Database/Query/Builder.php(2719): Illuminate\\Database\\Connection->select()
#3 /home/tomas/Projetos/ChatBotBack/chat-bot/vendor/laravel/framework/src/Illuminate/Database/Query/Builder.php(2707): Illuminate\\Database\\Query\\Builder->runSelect()
#4 /home/tomas/Projetos/ChatBotBack/chat-bot/vendor/laravel/framework/src/Illuminate/Database/Query/Builder.php(3248): Illuminate\\Database\\Query\\Builder->Illuminate\\Database\\Query\\{closure}()
#5 /home/tomas/Projetos/ChatBotBack/chat-bot/vendor/laravel/framework/src/Illuminate/Database/Query/Builder.php(2708): Illuminate\\Database\\Query\\Builder->onceWithColumns()
#6 /home/tomas/Projetos/ChatBotBack/chat-bot/vendor/laravel/framework/src/Illuminate/Database/Eloquent/Builder.php(717): Illuminate\\Database\\Query\\Builder->get()
#7 /home/tomas/Projetos/ChatBotBack/chat-bot/vendor/laravel/framework/src/Illuminate/Database/Eloquent/Builder.php(701): Illuminate\\Database\\Eloquent\\Builder->getModels()
#8 /home/tomas/Projetos/ChatBotBack/chat-bot/vendor/laravel/framework/src/Illuminate/Database/Concerns/BuildsQueries.php(296): Illuminate\\Database\\Eloquent\\Builder->get()
#9 /home/tomas/Projetos/ChatBotBack/chat-bot/vendor/laravel/framework/src/Illuminate/Database/Eloquent/Builder.php(595): Illuminate\\Database\\Eloquent\\Builder->first()
#10 /home/tomas/Projetos/ChatBotBack/chat-bot/app/Http/Controllers/api/ChatController.php(13): Illuminate\\Database\\Eloquent\\Builder->firstOrFail()
#11 /home/tomas/Projetos/ChatBotBack/chat-bot/vendor/laravel/framework/src/Illuminate/Routing/Controller.php(54): App\\Http\\Controllers\\api\\ChatController->hello()
#12 /home/tomas/Projetos/ChatBotBack/chat-bot/vendor/laravel/framework/src/Illuminate/Routing/ControllerDispatcher.php(43): Illuminate\\Routing\\Controller->callAction()
#13 /home/tomas/Projetos/ChatBotBack/chat-bot/vendor/laravel/framework/src/Illuminate/Routing/Route.php(260): Illuminate\\Routing\\ControllerDispatcher->dispatch()
#14 /home/tomas/Projetos/ChatBotBack/chat-bot/vendor/laravel/framework/src/Illuminate/Routing/Route.php(205): Illuminate\\Routing\\Route->runController()
#15 /home/tomas/Projetos/ChatBotBack/chat-bot/vendor/laravel/framework/src/Illuminate/Routing/Router.php(798): Illuminate\\Routing\\Route->run()
#16 /home/tomas/Projetos/ChatBotBack/chat-bot/vendor/laravel/framework/src/Illuminate/Pipeline/Pipeline.php(141): Illuminate\\Routing\\Router->Illuminate\\Routing\\{closure}()
#17 /home/tomas/Projetos/ChatBotBack/chat-bot/vendor/laravel/framework/src/Illuminate/Routing/Middleware/SubstituteBindings.php(50): Illuminate\\Pipeline\\Pipeline->Illuminate\\Pipeline\\{closure}()
#18 /home/tomas/Projetos/ChatBotBack/chat-bot/vendor/laravel/framework/src/Illuminate/Pipeline/Pipeline.php(180): Illuminate\\Routing\\Middleware\\SubstituteBindings->handle()
#19 /home/tomas/Projetos/ChatBotBack/chat-bot/vendor/laravel/framework/src/Illuminate/Routing/Middleware/ThrottleRequests.php(152): Illuminate\\Pipeline\\Pipeline->Illuminate\\Pipeline\\{closure}()
#20 /home/tomas/Projetos/ChatBotBack/chat-bot/vendor/laravel/framework/src/Illuminate/Routing/Middleware/ThrottleRequests.php(128): Illuminate\\Routing\\Middleware\\ThrottleRequests->handleRequest()
#21 /home/tomas/Projetos/ChatBotBack/chat-bot/vendor/laravel/framework/src/Illuminate/Routing/Middleware/ThrottleRequests.php(80): Illuminate\\Routing\\Middleware\\ThrottleRequests->handleRequestUsingNamedLimiter()
#22 /home/tomas/Projetos/ChatBotBack/chat-bot/vendor/laravel/framework/src/Illuminate/Pipeline/Pipeline.php(180): Illuminate\\Routing\\Middleware\\ThrottleRequests->handle()
#23 /home/tomas/Projetos/ChatBotBack/chat-bot/vendor/laravel/framework/src/Illuminate/Pipeline/Pipeline.php(116): Illuminate\\Pipeline\\Pipeline->Illuminate\\Pipeline\\{closure}()
#24 /home/tomas/Projetos/ChatBotBack/chat-bot/vendor/laravel/framework/src/Illuminate/Routing/Router.php(799): Illuminate\\Pipeline\\Pipeline->then()
#25 /home/tomas/Projetos/ChatBotBack/chat-bot/vendor/laravel/framework/src/Illuminate/Routing/Router.php(776): Illuminate\\Routing\\Router->runRouteWithinStack()
#26 /home/tomas/Projetos/ChatBotBack/chat-bot/vendor/laravel/framework/src/Illuminate/Routing/Router.php(740): Illuminate\\Routing\\Router->runRoute()
#27 /home/tomas/Projetos/ChatBotBack/chat-bot/vendor/laravel/framework/src/Illuminate/Routing/Router.php(729): Illuminate\\Routing\\Router->dispatchToRoute()
#28 /home/tomas/Projetos/ChatBotBack/chat-bot/vendor/laravel/framework/src/Illuminate/Foundation/Http/Kernel.php(200): Illuminate\\Routing\\Router->dispatch()
#29 /home/tomas/Projetos/ChatBotBack/chat-bot/vendor/laravel/framework/src/Illuminate/Pipeline/Pipeline.php(141): Illuminate\\Foundation\\Http\\Kernel->Illuminate\\Foundation\\Http\\{closure}()
#30 /home/tomas/Projetos/ChatBotBack/chat-bot/vendor/laravel/framework/src/Illuminate/Foundation/Http/Middleware/TransformsRequest.php(21): Illuminate\\Pipeline\\Pipeline->Illuminate\\Pipeline\\{closure}()
#31 /home/tomas/Projetos/ChatBotBack/chat-bot/vendor/laravel/framework/src/Illuminate/Foundation/Http/Middleware/ConvertEmptyStringsToNull.php(31): Illuminate\\Foundation\\Http\\Middleware\\TransformsRequest->handle()
#32 /home/tomas/Projetos/ChatBotBack/chat-bot/vendor/laravel/framework/src/Illuminate/Pipeline/Pipeline.php(180): Illuminate\\Foundation\\Http\\Middleware\\ConvertEmptyStringsToNull->handle()
#33 /home/tomas/Projetos/ChatBotBack/chat-bot/vendor/laravel/framework/src/Illuminate/Foundation/Http/Middleware/TransformsRequest.php(21): Illuminate\\Pipeline\\Pipeline->Illuminate\\Pipeline\\{closure}()
#34 /home/tomas/Projetos/ChatBotBack/chat-bot/vendor/laravel/framework/src/Illuminate/Foundation/Http/Middleware/TrimStrings.php(40): Illuminate\\Foundation\\Http\\Middleware\\TransformsRequest->handle()
#35 /home/tomas/Projetos/ChatBotBack/chat-bot/vendor/laravel/framework/src/Illuminate/Pipeline/Pipeline.php(180): Illuminate\\Foundation\\Http\\Middleware\\TrimStrings->handle()
#36 /home/tomas/Projetos/ChatBotBack/chat-bot/vendor/laravel/framework/src/Illuminate/Foundation/Http/Middleware/ValidatePostSize.php(27): Illuminate\\Pipeline\\Pipeline->Illuminate\\Pipeline\\{closure}()
#37 /home/tomas/Projetos/ChatBotBack/chat-bot/vendor/laravel/framework/src/Illuminate/Pipeline/Pipeline.php(180): Illuminate\\Foundation\\Http\\Middleware\\ValidatePostSize->handle()
#38 /home/tomas/Projetos/ChatBotBack/chat-bot/vendor/laravel/framework/src/Illuminate/Foundation/Http/Middleware/PreventRequestsDuringMaintenance.php(86): Illuminate\\Pipeline\\Pipeline->Illuminate\\Pipeline\\{closure}()
#39 /home/tomas/Projetos/ChatBotBack/chat-bot/vendor/laravel/framework/src/Illuminate/Pipeline/Pipeline.php(180): Illuminate\\Foundation\\Http\\Middleware\\PreventRequestsDuringMaintenance->handle()
#40 /home/tomas/Projetos/ChatBotBack/chat-bot/vendor/laravel/framework/src/Illuminate/Http/Middleware/HandleCors.php(62): Illuminate\\Pipeline\\Pipeline->Illuminate\\Pipeline\\{closure}()
#41 /home/tomas/Projetos/ChatBotBack/chat-bot/vendor/laravel/framework/src/Illuminate/Pipeline/Pipeline.php(180): Illuminate\\Http\\Middleware\\HandleCors->handle()
#42 /home/tomas/Projetos/ChatBotBack/chat-bot/vendor/laravel/framework/src/Illuminate/Http/Middleware/TrustProxies.php(39): Illuminate\\Pipeline\\Pipeline->Illuminate\\Pipeline\\{closure}()
#43 /home/tomas/Projetos/ChatBotBack/chat-bot/vendor/laravel/framework/src/Illuminate/Pipeline/Pipeline.php(180): Illuminate\\Http\\Middleware\\TrustProxies->handle()
#44 /home/tomas/Projetos/ChatBotBack/chat-bot/vendor/laravel/framework/src/Illuminate/Pipeline/Pipeline.php(116): Illuminate\\Pipeline\\Pipeline->Illuminate\\Pipeline\\{closure}()
#45 /home/tomas/Projetos/ChatBotBack/chat-bot/vendor/laravel/framework/src/Illuminate/Foundation/Http/Kernel.php(175): Illuminate\\Pipeline\\Pipeline->then()
#46 /home/tomas/Projetos/ChatBotBack/chat-bot/vendor/laravel/framework/src/Illuminate/Foundation/Http/Kernel.php(144): Illuminate\\Foundation\\Http\\Kernel->sendRequestThroughRouter()
#47 /home/tomas/Projetos/ChatBotBack/chat-bot/public/index.php(52): Illuminate\\Foundation\\Http\\Kernel->handle()
#48 /home/tomas/Projetos/ChatBotBack/chat-bot/vendor/laravel/framework/src/Illuminate/Foundation/resources/server.php(16): require_once('...')
#49 {main}

[previous exception] [object] (PDOException(code: 42S02): SQLSTATE[42S02]: Base table or view not found: 1146 Table 'projetointegrador.question' doesn't exist at /home/tomas/Projetos/ChatBotBack/chat-bot/vendor/laravel/framework/src/Illuminate/Database/Connection.php:414)
[stacktrace]
#0 /home/tomas/Projetos/ChatBotBack/chat-bot/vendor/laravel/framework/src/Illuminate/Database/Connection.php(414): PDO->prepare()
#1 /home/tomas/Projetos/ChatBotBack/chat-bot/vendor/laravel/framework/src/Illuminate/Database/Connection.php(786): Illuminate\\Database\\Connection->Illuminate\\Database\\{closure}()
#2 /home/tomas/Projetos/ChatBotBack/chat-bot/vendor/laravel/framework/src/Illuminate/Database/Connection.php(753): Illuminate\\Database\\Connection->runQueryCallback()
#3 /home/tomas/Projetos/ChatBotBack/chat-bot/vendor/laravel/framework/src/Illuminate/Database/Connection.php(422): Illuminate\\Database\\Connection->run()
#4 /home/tomas/Projetos/ChatBotBack/chat-bot/vendor/laravel/framework/src/Illuminate/Database/Query/Builder.php(2719): Illuminate\\Database\\Connection->select()
#5 /home/tomas/Projetos/ChatBotBack/chat-bot/vendor/laravel/framework/src/Illuminate/Database/Query/Builder.php(2707): Illuminate\\Database\\Query\\Builder->runSelect()
#6 /home/tomas/Projetos/ChatBotBack/chat-bot/vendor/laravel/framework/src/Illuminate/Database/Query/Builder.php(3248): Illuminate\\Database\\Query\\Builder->Illuminate\\Database\\Query\\{closure}()
#7 /home/tomas/Projetos/ChatBotBack/chat-bot/vendor/laravel/framework/src/Illuminate/Database/Query/Builder.php(2708): Illuminate\\Database\\Query\\Builder->onceWithColumns()
#8 /home/tomas/Projetos/ChatBotBack/chat-bot/vendor/laravel/framework/src/Illuminate/Database/Eloquent/Builder.php(717): Illuminate\\Database\\Query\\Builder->get()
#9 /home/tomas/Projetos/ChatBotBack/chat-bot/vendor/laravel/framework/src/Illuminate/Database/Eloquent/Builder.php(701): Illuminate\\Database\\Eloquent\\Builder->getModels()
#10 /home/tomas/Projetos/ChatBotBack/chat-bot/vendor/laravel/framework/src/Illuminate/Database/Concerns/BuildsQueries.php(296): Illuminate\\Database\\Eloquent\\Builder->get()
#11 /home/tomas/Projetos/ChatBotBack/chat-bot/vendor/laravel/framework/src/Illuminate/Database/Eloquent/Builder.php(595): Illuminate\\Database\\Eloquent\\Builder->first()
#12 /home/tomas/Projetos/ChatBotBack/chat-bot/app/Http/Controllers/api/ChatController.php(13): Illuminate\\Database\\Eloquent\\Builder->firstOrFail()
#13 /home/tomas/Projetos/ChatBotBack/chat-bot/vendor/laravel/framework/src/Illuminate/Routing/Controller.php(54): App\\Http\\Controllers\\api\\ChatController->hello()
#14 /home/tomas/Projetos/ChatBotBack/chat-bot/vendor/laravel/framework/src/Illuminate/Routing/ControllerDispatcher.php(43): Illuminate\\Routing\\Controller->callAction()
#15 /home/tomas/Projetos/ChatBotBack/chat-bot/vendor/laravel/framework/src/Illuminate/Routing/Route.php(260): Illuminate\\Routing\\ControllerDispatcher->dispatch()
#16 /home/tomas/Projetos/ChatBotBack/chat-bot/vendor/laravel/framework/src/Illuminate/Routing/Route.php(205): Illuminate\\Routing\\Route->runController()
#17 /home/tomas/Projetos/ChatBotBack/chat-bot/vendor/laravel/framework/src/Illuminate/Routing/Router.php(798): Illuminate\\Routing\\Route->run()
#18 /home/tomas/Projetos/ChatBotBack/chat-bot/vendor/laravel/framework/src/Illuminate/Pipeline/Pipeline.php(141): Illuminate\\Routing\\Router->Illuminate\\Routing\\{closure}()
#19 /home/tomas/Projetos/ChatBotBack/chat-bot/vendor/laravel/framework/src/Illuminate/Routing/Middleware/SubstituteBindings.php(50): Illuminate\\Pipeline\\Pipeline->Illuminate\\Pipeline\\{closure}()
#20 /home/tomas/Projetos/ChatBotBack/chat-bot/vendor/laravel/framework/src/Illuminate/Pipeline/Pipeline.php(180): Illuminate\\Routing\\Middleware\\SubstituteBindings->handle()
#21 /home/tomas/Projetos/ChatBotBack/chat-bot/vendor/laravel/framework/src/Illuminate/Routing/Middleware/ThrottleRequests.php(152): Illuminate\\Pipeline\\Pipeline->Illuminate\\Pipeline\\{closure}()
#22 /home/tomas/Projetos/ChatBotBack/chat-bot/vendor/laravel/framework/src/Illuminate/Routing/Middleware/ThrottleRequests.php(128): Illuminate\\Routing\\Middleware\\ThrottleRequests->handleRequest()
#23 /home/tomas/Projetos/ChatBotBack/chat-bot/vendor/laravel/framework/src/Illuminate/Routing/Middleware/ThrottleRequests.php(80): Illuminate\\Routing\\Middleware\\ThrottleRequests->handleRequestUsingNamedLimiter()
#24 /home/tomas/Projetos/ChatBotBack/chat-bot/vendor/laravel/framework/src/Illuminate/Pipeline/Pipeline.php(180): Illuminate\\Routing\\Middleware\\ThrottleRequests->handle()
#25 /home/tomas/Projetos/ChatBotBack/chat-bot/vendor/laravel/framework/src/Illuminate/Pipeline/Pipeline.php(116): Illuminate\\Pipeline\\Pipeline->Illuminate\\Pipeline\\{closure}()
#26 /home/tomas/Projetos/ChatBotBack/chat-bot/vendor/laravel/framework/src/Illuminate/Routing/Router.php(799): Illuminate\\Pipeline\\Pipeline->then()
#27 /home/tomas/Projetos/ChatBotBack/chat-bot/vendor/laravel/framework/src/Illuminate/Routing/Router.php(776): Illuminate\\Routing\\Router->runRouteWithinStack()
#28 /home/tomas/Projetos/ChatBotBack/chat-bot/vendor/laravel/framework/src/Illuminate/Routing/Router.php(740): Illuminate\\Routing\\Router->runRoute()
#29 /home/tomas/Projetos/ChatBotBack/chat-bot/vendor/laravel/framework/src/Illuminate/Routing/Router.php(729): Illuminate\\Routing\\Router->dispatchToRoute()
#30 /home/tomas/Projetos/ChatBotBack/chat-bot/vendor/laravel/framework/src/Illuminate/Foundation/Http/Kernel.php(200): Illuminate\\Routing\\Router->dispatch()
#31 /home/tomas/Projetos/ChatBotBack/chat-bot/vendor/laravel/framework/src/Illuminate/Pipeline/Pipeline.php(141): Illuminate\\Foundation\\Http\\Kernel->Illuminate\\Foundation\\Http\\{closure}()
#32 /home/tomas/Projetos/ChatBotBack/chat-bot/vendor/laravel/framework/src/Illuminate/Foundation/Http/Middleware/TransformsRequest.php(21): Illuminate\\Pipeline\\Pipeline->Illuminate\\Pipeline\\{closure}()
#33 /home/tomas/Projetos/ChatBotBack/chat-bot/vendor/laravel/framework/src/Illuminate/Foundation/Http/Middleware/ConvertEmptyStringsToNull.php(31): Illuminate\\Foundation\\Http\\Middleware\\TransformsRequest->handle()
#34 /home/tomas/Projetos/ChatBotBack/chat-bot/vendor/laravel/framework/src/Illuminate/Pipeline/Pipeline.php(180): Illuminate\\Foundation\\Http\\Middleware\\ConvertEmptyStringsToNull->handle()
#35 /home/tomas/Projetos/ChatBotBack/chat-bot/vendor/laravel/framework/src/Illuminate/Foundation/Http/Middleware/TransformsRequest.php(21): Illuminate\\Pipeline\\Pipeline->Illuminate\\Pipeline\\{closure}()
#36 /home/tomas/Projetos/ChatBotBack/chat-bot/vendor/laravel/framework/src/Illuminate/Foundation/Http/Middleware/TrimStrings.php(40): Illuminate\\Foundation\\Http\\Middleware\\TransformsRequest->handle()
#37 /home/tomas/Projetos/ChatBotBack/chat-bot/vendor/laravel/framework/src/Illuminate/Pipeline/Pipeline.php(180): Illuminate\\Foundation\\Http\\Middleware\\TrimStrings->handle()
#38 /home/tomas/Projetos/ChatBotBack/chat-bot/vendor/laravel/framework/src/Illuminate/Foundation/Http/Middleware/ValidatePostSize.php(27): Illuminate\\Pipeline\\Pipeline->Illuminate\\Pipeline\\{closure}()
#39 /home/tomas/Projetos/ChatBotBack/chat-bot/vendor/laravel/framework/src/Illuminate/Pipeline/Pipeline.php(180): Illuminate\\Foundation\\Http\\Middleware\\ValidatePostSize->handle()
#40 /home/tomas/Projetos/ChatBotBack/chat-bot/vendor/laravel/framework/src/Illuminate/Foundation/Http/Middleware/PreventRequestsDuringMaintenance.php(86): Illuminate\\Pipeline\\Pipeline->Illuminate\\Pipeline\\{closure}()
#41 /home/tomas/Projetos/ChatBotBack/chat-bot/vendor/laravel/framework/src/Illuminate/Pipeline/Pipeline.php(180): Illuminate\\Foundation\\Http\\Middleware\\PreventRequestsDuringMaintenance->handle()
#42 /home/tomas/Projetos/ChatBotBack/chat-bot/vendor/laravel/framework/src/Illuminate/Http/Middleware/HandleCors.php(62): Illuminate\\Pipeline\\Pipeline->Illuminate\\Pipeline\\{closure}()
#43 /home/tomas/Projetos/ChatBotBack/chat-bot/vendor/laravel/framework/src/Illuminate/Pipeline/Pipeline.php(180): Illuminate\\Http\\Middleware\\HandleCors->handle()
#44 /home/tomas/Projetos/ChatBotBack/chat-bot/vendor/laravel/framework/src/Illuminate/Http/Middleware/TrustProxies.php(39): Illuminate\\Pipeline\\Pipeline->Illuminate\\Pipeline\\{closure}()
#45 /home/tomas/Projetos/ChatBotBack/chat-bot/vendor/laravel/framework/src/Illuminate/Pipeline/Pipeline.php(180): Illuminate\\Http\\Middleware\\TrustProxies->handle()
#46 /home/tomas/Projetos/ChatBotBack/chat-bot/vendor/laravel/framework/src/Illuminate/Pipeline/Pipeline.php(116): Illuminate\\Pipeline\\Pipeline->Illuminate\\Pipeline\\{closure}()
#47 /home/tomas/Projetos/ChatBotBack/chat-bot/vendor/laravel/framework/src/Illuminate/Foundation/Http/Kernel.php(175): Illuminate\\Pipeline\\Pipeline->then()
#48 /home/tomas/Projetos/ChatBotBack/chat-bot/vendor/laravel/framework/src/Illuminate/Foundation/Http/Kernel.php(144): Illuminate\\Foundation\\Http\\Kernel->sendRequestThroughRouter()
#49 /home/tomas/Projetos/ChatBotBack/chat-bot/public/index.php(52): Illuminate\\Foundation\\Http\\Kernel->handle()
#50 /home/tomas/Projetos/ChatBotBack/chat-bot/vendor/laravel/framework/src/Illuminate/Foundation/resources/server.php(16): require_once('...')
#51 {main}
"} 
[2023-05-26 03:47:11] local.ERROR: SQLSTATE[42S02]: Base table or view not found: 1146 Table 'projetointegrador.question' doesn't exist (Connection: mysql, SQL: select `resposta` from `question` where `pergunta` = hello limit 1) {"exception":"[object] (Illuminate\\Database\\QueryException(code: 42S02): SQLSTATE[42S02]: Base table or view not found: 1146 Table 'projetointegrador.question' doesn't exist (Connection: mysql, SQL: select `resposta` from `question` where `pergunta` = hello limit 1) at /home/tomas/Projetos/ChatBotBack/chat-bot/vendor/laravel/framework/src/Illuminate/Database/Connection.php:793)
[stacktrace]
#0 /home/tomas/Projetos/ChatBotBack/chat-bot/vendor/laravel/framework/src/Illuminate/Database/Connection.php(753): Illuminate\\Database\\Connection->runQueryCallback()
#1 /home/tomas/Projetos/ChatBotBack/chat-bot/vendor/laravel/framework/src/Illuminate/Database/Connection.php(422): Illuminate\\Database\\Connection->run()
#2 /home/tomas/Projetos/ChatBotBack/chat-bot/vendor/laravel/framework/src/Illuminate/Database/Query/Builder.php(2719): Illuminate\\Database\\Connection->select()
#3 /home/tomas/Projetos/ChatBotBack/chat-bot/vendor/laravel/framework/src/Illuminate/Database/Query/Builder.php(2707): Illuminate\\Database\\Query\\Builder->runSelect()
#4 /home/tomas/Projetos/ChatBotBack/chat-bot/vendor/laravel/framework/src/Illuminate/Database/Query/Builder.php(3248): Illuminate\\Database\\Query\\Builder->Illuminate\\Database\\Query\\{closure}()
#5 /home/tomas/Projetos/ChatBotBack/chat-bot/vendor/laravel/framework/src/Illuminate/Database/Query/Builder.php(2708): Illuminate\\Database\\Query\\Builder->onceWithColumns()
#6 /home/tomas/Projetos/ChatBotBack/chat-bot/vendor/laravel/framework/src/Illuminate/Database/Eloquent/Builder.php(717): Illuminate\\Database\\Query\\Builder->get()
#7 /home/tomas/Projetos/ChatBotBack/chat-bot/vendor/laravel/framework/src/Illuminate/Database/Eloquent/Builder.php(701): Illuminate\\Database\\Eloquent\\Builder->getModels()
#8 /home/tomas/Projetos/ChatBotBack/chat-bot/vendor/laravel/framework/src/Illuminate/Database/Concerns/BuildsQueries.php(296): Illuminate\\Database\\Eloquent\\Builder->get()
#9 /home/tomas/Projetos/ChatBotBack/chat-bot/vendor/laravel/framework/src/Illuminate/Database/Eloquent/Builder.php(595): Illuminate\\Database\\Eloquent\\Builder->first()
#10 /home/tomas/Projetos/ChatBotBack/chat-bot/app/Http/Controllers/api/ChatController.php(13): Illuminate\\Database\\Eloquent\\Builder->firstOrFail()
#11 /home/tomas/Projetos/ChatBotBack/chat-bot/vendor/laravel/framework/src/Illuminate/Routing/Controller.php(54): App\\Http\\Controllers\\api\\ChatController->hello()
#12 /home/tomas/Projetos/ChatBotBack/chat-bot/vendor/laravel/framework/src/Illuminate/Routing/ControllerDispatcher.php(43): Illuminate\\Routing\\Controller->callAction()
#13 /home/tomas/Projetos/ChatBotBack/chat-bot/vendor/laravel/framework/src/Illuminate/Routing/Route.php(260): Illuminate\\Routing\\ControllerDispatcher->dispatch()
#14 /home/tomas/Projetos/ChatBotBack/chat-bot/vendor/laravel/framework/src/Illuminate/Routing/Route.php(205): Illuminate\\Routing\\Route->runController()
#15 /home/tomas/Projetos/ChatBotBack/chat-bot/vendor/laravel/framework/src/Illuminate/Routing/Router.php(798): Illuminate\\Routing\\Route->run()
#16 /home/tomas/Projetos/ChatBotBack/chat-bot/vendor/laravel/framework/src/Illuminate/Pipeline/Pipeline.php(141): Illuminate\\Routing\\Router->Illuminate\\Routing\\{closure}()
#17 /home/tomas/Projetos/ChatBotBack/chat-bot/vendor/laravel/framework/src/Illuminate/Routing/Middleware/SubstituteBindings.php(50): Illuminate\\Pipeline\\Pipeline->Illuminate\\Pipeline\\{closure}()
#18 /home/tomas/Projetos/ChatBotBack/chat-bot/vendor/laravel/framework/src/Illuminate/Pipeline/Pipeline.php(180): Illuminate\\Routing\\Middleware\\SubstituteBindings->handle()
#19 /home/tomas/Projetos/ChatBotBack/chat-bot/vendor/laravel/framework/src/Illuminate/Routing/Middleware/ThrottleRequests.php(152): Illuminate\\Pipeline\\Pipeline->Illuminate\\Pipeline\\{closure}()
#20 /home/tomas/Projetos/ChatBotBack/chat-bot/vendor/laravel/framework/src/Illuminate/Routing/Middleware/ThrottleRequests.php(128): Illuminate\\Routing\\Middleware\\ThrottleRequests->handleRequest()
#21 /home/tomas/Projetos/ChatBotBack/chat-bot/vendor/laravel/framework/src/Illuminate/Routing/Middleware/ThrottleRequests.php(80): Illuminate\\Routing\\Middleware\\ThrottleRequests->handleRequestUsingNamedLimiter()
#22 /home/tomas/Projetos/ChatBotBack/chat-bot/vendor/laravel/framework/src/Illuminate/Pipeline/Pipeline.php(180): Illuminate\\Routing\\Middleware\\ThrottleRequests->handle()
#23 /home/tomas/Projetos/ChatBotBack/chat-bot/vendor/laravel/framework/src/Illuminate/Pipeline/Pipeline.php(116): Illuminate\\Pipeline\\Pipeline->Illuminate\\Pipeline\\{closure}()
#24 /home/tomas/Projetos/ChatBotBack/chat-bot/vendor/laravel/framework/src/Illuminate/Routing/Router.php(799): Illuminate\\Pipeline\\Pipeline->then()
#25 /home/tomas/Projetos/ChatBotBack/chat-bot/vendor/laravel/framework/src/Illuminate/Routing/Router.php(776): Illuminate\\Routing\\Router->runRouteWithinStack()
#26 /home/tomas/Projetos/ChatBotBack/chat-bot/vendor/laravel/framework/src/Illuminate/Routing/Router.php(740): Illuminate\\Routing\\Router->runRoute()
#27 /home/tomas/Projetos/ChatBotBack/chat-bot/vendor/laravel/framework/src/Illuminate/Routing/Router.php(729): Illuminate\\Routing\\Router->dispatchToRoute()
#28 /home/tomas/Projetos/ChatBotBack/chat-bot/vendor/laravel/framework/src/Illuminate/Foundation/Http/Kernel.php(200): Illuminate\\Routing\\Router->dispatch()
#29 /home/tomas/Projetos/ChatBotBack/chat-bot/vendor/laravel/framework/src/Illuminate/Pipeline/Pipeline.php(141): Illuminate\\Foundation\\Http\\Kernel->Illuminate\\Foundation\\Http\\{closure}()
#30 /home/tomas/Projetos/ChatBotBack/chat-bot/vendor/laravel/framework/src/Illuminate/Foundation/Http/Middleware/TransformsRequest.php(21): Illuminate\\Pipeline\\Pipeline->Illuminate\\Pipeline\\{closure}()
#31 /home/tomas/Projetos/ChatBotBack/chat-bot/vendor/laravel/framework/src/Illuminate/Foundation/Http/Middleware/ConvertEmptyStringsToNull.php(31): Illuminate\\Foundation\\Http\\Middleware\\TransformsRequest->handle()
#32 /home/tomas/Projetos/ChatBotBack/chat-bot/vendor/laravel/framework/src/Illuminate/Pipeline/Pipeline.php(180): Illuminate\\Foundation\\Http\\Middleware\\ConvertEmptyStringsToNull->handle()
#33 /home/tomas/Projetos/ChatBotBack/chat-bot/vendor/laravel/framework/src/Illuminate/Foundation/Http/Middleware/TransformsRequest.php(21): Illuminate\\Pipeline\\Pipeline->Illuminate\\Pipeline\\{closure}()
#34 /home/tomas/Projetos/ChatBotBack/chat-bot/vendor/laravel/framework/src/Illuminate/Foundation/Http/Middleware/TrimStrings.php(40): Illuminate\\Foundation\\Http\\Middleware\\TransformsRequest->handle()
#35 /home/tomas/Projetos/ChatBotBack/chat-bot/vendor/laravel/framework/src/Illuminate/Pipeline/Pipeline.php(180): Illuminate\\Foundation\\Http\\Middleware\\TrimStrings->handle()
#36 /home/tomas/Projetos/ChatBotBack/chat-bot/vendor/laravel/framework/src/Illuminate/Foundation/Http/Middleware/ValidatePostSize.php(27): Illuminate\\Pipeline\\Pipeline->Illuminate\\Pipeline\\{closure}()
#37 /home/tomas/Projetos/ChatBotBack/chat-bot/vendor/laravel/framework/src/Illuminate/Pipeline/Pipeline.php(180): Illuminate\\Foundation\\Http\\Middleware\\ValidatePostSize->handle()
#38 /home/tomas/Projetos/ChatBotBack/chat-bot/vendor/laravel/framework/src/Illuminate/Foundation/Http/Middleware/PreventRequestsDuringMaintenance.php(86): Illuminate\\Pipeline\\Pipeline->Illuminate\\Pipeline\\{closure}()
#39 /home/tomas/Projetos/ChatBotBack/chat-bot/vendor/laravel/framework/src/Illuminate/Pipeline/Pipeline.php(180): Illuminate\\Foundation\\Http\\Middleware\\PreventRequestsDuringMaintenance->handle()
#40 /home/tomas/Projetos/ChatBotBack/chat-bot/vendor/laravel/framework/src/Illuminate/Http/Middleware/HandleCors.php(62): Illuminate\\Pipeline\\Pipeline->Illuminate\\Pipeline\\{closure}()
#41 /home/tomas/Projetos/ChatBotBack/chat-bot/vendor/laravel/framework/src/Illuminate/Pipeline/Pipeline.php(180): Illuminate\\Http\\Middleware\\HandleCors->handle()
#42 /home/tomas/Projetos/ChatBotBack/chat-bot/vendor/laravel/framework/src/Illuminate/Http/Middleware/TrustProxies.php(39): Illuminate\\Pipeline\\Pipeline->Illuminate\\Pipeline\\{closure}()
#43 /home/tomas/Projetos/ChatBotBack/chat-bot/vendor/laravel/framework/src/Illuminate/Pipeline/Pipeline.php(180): Illuminate\\Http\\Middleware\\TrustProxies->handle()
#44 /home/tomas/Projetos/ChatBotBack/chat-bot/vendor/laravel/framework/src/Illuminate/Pipeline/Pipeline.php(116): Illuminate\\Pipeline\\Pipeline->Illuminate\\Pipeline\\{closure}()
#45 /home/tomas/Projetos/ChatBotBack/chat-bot/vendor/laravel/framework/src/Illuminate/Foundation/Http/Kernel.php(175): Illuminate\\Pipeline\\Pipeline->then()
#46 /home/tomas/Projetos/ChatBotBack/chat-bot/vendor/laravel/framework/src/Illuminate/Foundation/Http/Kernel.php(144): Illuminate\\Foundation\\Http\\Kernel->sendRequestThroughRouter()
#47 /home/tomas/Projetos/ChatBotBack/chat-bot/public/index.php(52): Illuminate\\Foundation\\Http\\Kernel->handle()
#48 /home/tomas/Projetos/ChatBotBack/chat-bot/vendor/laravel/framework/src/Illuminate/Foundation/resources/server.php(16): require_once('...')
#49 {main}

[previous exception] [object] (PDOException(code: 42S02): SQLSTATE[42S02]: Base table or view not found: 1146 Table 'projetointegrador.question' doesn't exist at /home/tomas/Projetos/ChatBotBack/chat-bot/vendor/laravel/framework/src/Illuminate/Database/Connection.php:414)
[stacktrace]
#0 /home/tomas/Projetos/ChatBotBack/chat-bot/vendor/laravel/framework/src/Illuminate/Database/Connection.php(414): PDO->prepare()
#1 /home/tomas/Projetos/ChatBotBack/chat-bot/vendor/laravel/framework/src/Illuminate/Database/Connection.php(786): Illuminate\\Database\\Connection->Illuminate\\Database\\{closure}()
#2 /home/tomas/Projetos/ChatBotBack/chat-bot/vendor/laravel/framework/src/Illuminate/Database/Connection.php(753): Illuminate\\Database\\Connection->runQueryCallback()
#3 /home/tomas/Projetos/ChatBotBack/chat-bot/vendor/laravel/framework/src/Illuminate/Database/Connection.php(422): Illuminate\\Database\\Connection->run()
#4 /home/tomas/Projetos/ChatBotBack/chat-bot/vendor/laravel/framework/src/Illuminate/Database/Query/Builder.php(2719): Illuminate\\Database\\Connection->select()
#5 /home/tomas/Projetos/ChatBotBack/chat-bot/vendor/laravel/framework/src/Illuminate/Database/Query/Builder.php(2707): Illuminate\\Database\\Query\\Builder->runSelect()
#6 /home/tomas/Projetos/ChatBotBack/chat-bot/vendor/laravel/framework/src/Illuminate/Database/Query/Builder.php(3248): Illuminate\\Database\\Query\\Builder->Illuminate\\Database\\Query\\{closure}()
#7 /home/tomas/Projetos/ChatBotBack/chat-bot/vendor/laravel/framework/src/Illuminate/Database/Query/Builder.php(2708): Illuminate\\Database\\Query\\Builder->onceWithColumns()
#8 /home/tomas/Projetos/ChatBotBack/chat-bot/vendor/laravel/framework/src/Illuminate/Database/Eloquent/Builder.php(717): Illuminate\\Database\\Query\\Builder->get()
#9 /home/tomas/Projetos/ChatBotBack/chat-bot/vendor/laravel/framework/src/Illuminate/Database/Eloquent/Builder.php(701): Illuminate\\Database\\Eloquent\\Builder->getModels()
#10 /home/tomas/Projetos/ChatBotBack/chat-bot/vendor/laravel/framework/src/Illuminate/Database/Concerns/BuildsQueries.php(296): Illuminate\\Database\\Eloquent\\Builder->get()
#11 /home/tomas/Projetos/ChatBotBack/chat-bot/vendor/laravel/framework/src/Illuminate/Database/Eloquent/Builder.php(595): Illuminate\\Database\\Eloquent\\Builder->first()
#12 /home/tomas/Projetos/ChatBotBack/chat-bot/app/Http/Controllers/api/ChatController.php(13): Illuminate\\Database\\Eloquent\\Builder->firstOrFail()
#13 /home/tomas/Projetos/ChatBotBack/chat-bot/vendor/laravel/framework/src/Illuminate/Routing/Controller.php(54): App\\Http\\Controllers\\api\\ChatController->hello()
#14 /home/tomas/Projetos/ChatBotBack/chat-bot/vendor/laravel/framework/src/Illuminate/Routing/ControllerDispatcher.php(43): Illuminate\\Routing\\Controller->callAction()
#15 /home/tomas/Projetos/ChatBotBack/chat-bot/vendor/laravel/framework/src/Illuminate/Routing/Route.php(260): Illuminate\\Routing\\ControllerDispatcher->dispatch()
#16 /home/tomas/Projetos/ChatBotBack/chat-bot/vendor/laravel/framework/src/Illuminate/Routing/Route.php(205): Illuminate\\Routing\\Route->runController()
#17 /home/tomas/Projetos/ChatBotBack/chat-bot/vendor/laravel/framework/src/Illuminate/Routing/Router.php(798): Illuminate\\Routing\\Route->run()
#18 /home/tomas/Projetos/ChatBotBack/chat-bot/vendor/laravel/framework/src/Illuminate/Pipeline/Pipeline.php(141): Illuminate\\Routing\\Router->Illuminate\\Routing\\{closure}()
#19 /home/tomas/Projetos/ChatBotBack/chat-bot/vendor/laravel/framework/src/Illuminate/Routing/Middleware/SubstituteBindings.php(50): Illuminate\\Pipeline\\Pipeline->Illuminate\\Pipeline\\{closure}()
#20 /home/tomas/Projetos/ChatBotBack/chat-bot/vendor/laravel/framework/src/Illuminate/Pipeline/Pipeline.php(180): Illuminate\\Routing\\Middleware\\SubstituteBindings->handle()
#21 /home/tomas/Projetos/ChatBotBack/chat-bot/vendor/laravel/framework/src/Illuminate/Routing/Middleware/ThrottleRequests.php(152): Illuminate\\Pipeline\\Pipeline->Illuminate\\Pipeline\\{closure}()
#22 /home/tomas/Projetos/ChatBotBack/chat-bot/vendor/laravel/framework/src/Illuminate/Routing/Middleware/ThrottleRequests.php(128): Illuminate\\Routing\\Middleware\\ThrottleRequests->handleRequest()
#23 /home/tomas/Projetos/ChatBotBack/chat-bot/vendor/laravel/framework/src/Illuminate/Routing/Middleware/ThrottleRequests.php(80): Illuminate\\Routing\\Middleware\\ThrottleRequests->handleRequestUsingNamedLimiter()
#24 /home/tomas/Projetos/ChatBotBack/chat-bot/vendor/laravel/framework/src/Illuminate/Pipeline/Pipeline.php(180): Illuminate\\Routing\\Middleware\\ThrottleRequests->handle()
#25 /home/tomas/Projetos/ChatBotBack/chat-bot/vendor/laravel/framework/src/Illuminate/Pipeline/Pipeline.php(116): Illuminate\\Pipeline\\Pipeline->Illuminate\\Pipeline\\{closure}()
#26 /home/tomas/Projetos/ChatBotBack/chat-bot/vendor/laravel/framework/src/Illuminate/Routing/Router.php(799): Illuminate\\Pipeline\\Pipeline->then()
#27 /home/tomas/Projetos/ChatBotBack/chat-bot/vendor/laravel/framework/src/Illuminate/Routing/Router.php(776): Illuminate\\Routing\\Router->runRouteWithinStack()
#28 /home/tomas/Projetos/ChatBotBack/chat-bot/vendor/laravel/framework/src/Illuminate/Routing/Router.php(740): Illuminate\\Routing\\Router->runRoute()
#29 /home/tomas/Projetos/ChatBotBack/chat-bot/vendor/laravel/framework/src/Illuminate/Routing/Router.php(729): Illuminate\\Routing\\Router->dispatchToRoute()
#30 /home/tomas/Projetos/ChatBotBack/chat-bot/vendor/laravel/framework/src/Illuminate/Foundation/Http/Kernel.php(200): Illuminate\\Routing\\Router->dispatch()
#31 /home/tomas/Projetos/ChatBotBack/chat-bot/vendor/laravel/framework/src/Illuminate/Pipeline/Pipeline.php(141): Illuminate\\Foundation\\Http\\Kernel->Illuminate\\Foundation\\Http\\{closure}()
#32 /home/tomas/Projetos/ChatBotBack/chat-bot/vendor/laravel/framework/src/Illuminate/Foundation/Http/Middleware/TransformsRequest.php(21): Illuminate\\Pipeline\\Pipeline->Illuminate\\Pipeline\\{closure}()
#33 /home/tomas/Projetos/ChatBotBack/chat-bot/vendor/laravel/framework/src/Illuminate/Foundation/Http/Middleware/ConvertEmptyStringsToNull.php(31): Illuminate\\Foundation\\Http\\Middleware\\TransformsRequest->handle()
#34 /home/tomas/Projetos/ChatBotBack/chat-bot/vendor/laravel/framework/src/Illuminate/Pipeline/Pipeline.php(180): Illuminate\\Foundation\\Http\\Middleware\\ConvertEmptyStringsToNull->handle()
#35 /home/tomas/Projetos/ChatBotBack/chat-bot/vendor/laravel/framework/src/Illuminate/Foundation/Http/Middleware/TransformsRequest.php(21): Illuminate\\Pipeline\\Pipeline->Illuminate\\Pipeline\\{closure}()
#36 /home/tomas/Projetos/ChatBotBack/chat-bot/vendor/laravel/framework/src/Illuminate/Foundation/Http/Middleware/TrimStrings.php(40): Illuminate\\Foundation\\Http\\Middleware\\TransformsRequest->handle()
#37 /home/tomas/Projetos/ChatBotBack/chat-bot/vendor/laravel/framework/src/Illuminate/Pipeline/Pipeline.php(180): Illuminate\\Foundation\\Http\\Middleware\\TrimStrings->handle()
#38 /home/tomas/Projetos/ChatBotBack/chat-bot/vendor/laravel/framework/src/Illuminate/Foundation/Http/Middleware/ValidatePostSize.php(27): Illuminate\\Pipeline\\Pipeline->Illuminate\\Pipeline\\{closure}()
#39 /home/tomas/Projetos/ChatBotBack/chat-bot/vendor/laravel/framework/src/Illuminate/Pipeline/Pipeline.php(180): Illuminate\\Foundation\\Http\\Middleware\\ValidatePostSize->handle()
#40 /home/tomas/Projetos/ChatBotBack/chat-bot/vendor/laravel/framework/src/Illuminate/Foundation/Http/Middleware/PreventRequestsDuringMaintenance.php(86): Illuminate\\Pipeline\\Pipeline->Illuminate\\Pipeline\\{closure}()
#41 /home/tomas/Projetos/ChatBotBack/chat-bot/vendor/laravel/framework/src/Illuminate/Pipeline/Pipeline.php(180): Illuminate\\Foundation\\Http\\Middleware\\PreventRequestsDuringMaintenance->handle()
#42 /home/tomas/Projetos/ChatBotBack/chat-bot/vendor/laravel/framework/src/Illuminate/Http/Middleware/HandleCors.php(62): Illuminate\\Pipeline\\Pipeline->Illuminate\\Pipeline\\{closure}()
#43 /home/tomas/Projetos/ChatBotBack/chat-bot/vendor/laravel/framework/src/Illuminate/Pipeline/Pipeline.php(180): Illuminate\\Http\\Middleware\\HandleCors->handle()
#44 /home/tomas/Projetos/ChatBotBack/chat-bot/vendor/laravel/framework/src/Illuminate/Http/Middleware/TrustProxies.php(39): Illuminate\\Pipeline\\Pipeline->Illuminate\\Pipeline\\{closure}()
#45 /home/tomas/Projetos/ChatBotBack/chat-bot/vendor/laravel/framework/src/Illuminate/Pipeline/Pipeline.php(180): Illuminate\\Http\\Middleware\\TrustProxies->handle()
#46 /home/tomas/Projetos/ChatBotBack/chat-bot/vendor/laravel/framework/src/Illuminate/Pipeline/Pipeline.php(116): Illuminate\\Pipeline\\Pipeline->Illuminate\\Pipeline\\{closure}()
#47 /home/tomas/Projetos/ChatBotBack/chat-bot/vendor/laravel/framework/src/Illuminate/Foundation/Http/Kernel.php(175): Illuminate\\Pipeline\\Pipeline->then()
#48 /home/tomas/Projetos/ChatBotBack/chat-bot/vendor/laravel/framework/src/Illuminate/Foundation/Http/Kernel.php(144): Illuminate\\Foundation\\Http\\Kernel->sendRequestThroughRouter()
#49 /home/tomas/Projetos/ChatBotBack/chat-bot/public/index.php(52): Illuminate\\Foundation\\Http\\Kernel->handle()
#50 /home/tomas/Projetos/ChatBotBack/chat-bot/vendor/laravel/framework/src/Illuminate/Foundation/resources/server.php(16): require_once('...')
#51 {main}
"} 
[2023-05-26 04:38:48] local.ERROR: Please provide a valid cache path. {"exception":"[object] (InvalidArgumentException(code: 0): Please provide a valid cache path. at /home/tomas/Projetos/ChatBotBack/chat-bot/vendor/laravel/framework/src/Illuminate/View/Compilers/Compiler.php:66)
[stacktrace]
#0 /home/tomas/Projetos/ChatBotBack/chat-bot/vendor/laravel/framework/src/Illuminate/View/ViewServiceProvider.php(101): Illuminate\\View\\Compilers\\Compiler->__construct()
#1 /home/tomas/Projetos/ChatBotBack/chat-bot/vendor/laravel/framework/src/Illuminate/Container/Container.php(910): Illuminate\\View\\ViewServiceProvider->Illuminate\\View\\{closure}()
#2 /home/tomas/Projetos/ChatBotBack/chat-bot/vendor/laravel/framework/src/Illuminate/Container/Container.php(795): Illuminate\\Container\\Container->build()
#3 /home/tomas/Projetos/ChatBotBack/chat-bot/vendor/laravel/framework/src/Illuminate/Foundation/Application.php(933): Illuminate\\Container\\Container->resolve()
#4 /home/tomas/Projetos/ChatBotBack/chat-bot/vendor/laravel/framework/src/Illuminate/Container/Container.php(731): Illuminate\\Foundation\\Application->resolve()
#5 /home/tomas/Projetos/ChatBotBack/chat-bot/vendor/laravel/framework/src/Illuminate/Foundation/Application.php(918): Illuminate\\Container\\Container->make()
#6 /home/tomas/Projetos/ChatBotBack/chat-bot/vendor/laravel/framework/src/Illuminate/Container/Container.php(1456): Illuminate\\Foundation\\Application->make()
#7 /home/tomas/Projetos/ChatBotBack/chat-bot/vendor/laravel/framework/src/Illuminate/View/ViewServiceProvider.php(164): Illuminate\\Container\\Container->offsetGet()
#8 [internal function]: Illuminate\\View\\ViewServiceProvider->Illuminate\\View\\{closure}()
#9 /home/tomas/Projetos/ChatBotBack/chat-bot/vendor/laravel/framework/src/Illuminate/View/Engines/EngineResolver.php(55): call_user_func()
#10 /home/tomas/Projetos/ChatBotBack/chat-bot/vendor/laravel/framework/src/Illuminate/View/Factory.php(310): Illuminate\\View\\Engines\\EngineResolver->resolve()
#11 /home/tomas/Projetos/ChatBotBack/chat-bot/vendor/laravel/framework/src/Illuminate/View/Factory.php(274): Illuminate\\View\\Factory->getEngineFromPath()
#12 /home/tomas/Projetos/ChatBotBack/chat-bot/vendor/laravel/framework/src/Illuminate/View/Factory.php(146): Illuminate\\View\\Factory->viewInstance()
#13 /home/tomas/Projetos/ChatBotBack/chat-bot/vendor/laravel/framework/src/Illuminate/Routing/ResponseFactory.php(87): Illuminate\\View\\Factory->make()
#14 /home/tomas/Projetos/ChatBotBack/chat-bot/vendor/laravel/framework/src/Illuminate/Foundation/Exceptions/Handler.php(646): Illuminate\\Routing\\ResponseFactory->view()
#15 /home/tomas/Projetos/ChatBotBack/chat-bot/vendor/laravel/framework/src/Illuminate/Foundation/Exceptions/Handler.php(571): Illuminate\\Foundation\\Exceptions\\Handler->renderHttpException()
#16 /home/tomas/Projetos/ChatBotBack/chat-bot/vendor/laravel/framework/src/Illuminate/Foundation/Exceptions/Handler.php(477): Illuminate\\Foundation\\Exceptions\\Handler->prepareResponse()
#17 /home/tomas/Projetos/ChatBotBack/chat-bot/vendor/laravel/framework/src/Illuminate/Foundation/Exceptions/Handler.php(394): Illuminate\\Foundation\\Exceptions\\Handler->renderExceptionResponse()
#18 /home/tomas/Projetos/ChatBotBack/chat-bot/vendor/laravel/framework/src/Illuminate/Routing/Pipeline.php(51): Illuminate\\Foundation\\Exceptions\\Handler->render()
#19 /home/tomas/Projetos/ChatBotBack/chat-bot/vendor/laravel/framework/src/Illuminate/Pipeline/Pipeline.php(143): Illuminate\\Routing\\Pipeline->handleException()
#20 /home/tomas/Projetos/ChatBotBack/chat-bot/vendor/laravel/framework/src/Illuminate/Foundation/Http/Middleware/TransformsRequest.php(21): Illuminate\\Pipeline\\Pipeline->Illuminate\\Pipeline\\{closure}()
#21 /home/tomas/Projetos/ChatBotBack/chat-bot/vendor/laravel/framework/src/Illuminate/Foundation/Http/Middleware/ConvertEmptyStringsToNull.php(31): Illuminate\\Foundation\\Http\\Middleware\\TransformsRequest->handle()
#22 /home/tomas/Projetos/ChatBotBack/chat-bot/vendor/laravel/framework/src/Illuminate/Pipeline/Pipeline.php(180): Illuminate\\Foundation\\Http\\Middleware\\ConvertEmptyStringsToNull->handle()
#23 /home/tomas/Projetos/ChatBotBack/chat-bot/vendor/laravel/framework/src/Illuminate/Foundation/Http/Middleware/TransformsRequest.php(21): Illuminate\\Pipeline\\Pipeline->Illuminate\\Pipeline\\{closure}()
#24 /home/tomas/Projetos/ChatBotBack/chat-bot/vendor/laravel/framework/src/Illuminate/Foundation/Http/Middleware/TrimStrings.php(40): Illuminate\\Foundation\\Http\\Middleware\\TransformsRequest->handle()
#25 /home/tomas/Projetos/ChatBotBack/chat-bot/vendor/laravel/framework/src/Illuminate/Pipeline/Pipeline.php(180): Illuminate\\Foundation\\Http\\Middleware\\TrimStrings->handle()
#26 /home/tomas/Projetos/ChatBotBack/chat-bot/vendor/laravel/framework/src/Illuminate/Foundation/Http/Middleware/ValidatePostSize.php(27): Illuminate\\Pipeline\\Pipeline->Illuminate\\Pipeline\\{closure}()
#27 /home/tomas/Projetos/ChatBotBack/chat-bot/vendor/laravel/framework/src/Illuminate/Pipeline/Pipeline.php(180): Illuminate\\Foundation\\Http\\Middleware\\ValidatePostSize->handle()
#28 /home/tomas/Projetos/ChatBotBack/chat-bot/vendor/laravel/framework/src/Illuminate/Foundation/Http/Middleware/PreventRequestsDuringMaintenance.php(86): Illuminate\\Pipeline\\Pipeline->Illuminate\\Pipeline\\{closure}()
#29 /home/tomas/Projetos/ChatBotBack/chat-bot/vendor/laravel/framework/src/Illuminate/Pipeline/Pipeline.php(180): Illuminate\\Foundation\\Http\\Middleware\\PreventRequestsDuringMaintenance->handle()
#30 /home/tomas/Projetos/ChatBotBack/chat-bot/vendor/laravel/framework/src/Illuminate/Http/Middleware/HandleCors.php(62): Illuminate\\Pipeline\\Pipeline->Illuminate\\Pipeline\\{closure}()
#31 /home/tomas/Projetos/ChatBotBack/chat-bot/vendor/laravel/framework/src/Illuminate/Pipeline/Pipeline.php(180): Illuminate\\Http\\Middleware\\HandleCors->handle()
#32 /home/tomas/Projetos/ChatBotBack/chat-bot/vendor/laravel/framework/src/Illuminate/Http/Middleware/TrustProxies.php(39): Illuminate\\Pipeline\\Pipeline->Illuminate\\Pipeline\\{closure}()
#33 /home/tomas/Projetos/ChatBotBack/chat-bot/vendor/laravel/framework/src/Illuminate/Pipeline/Pipeline.php(180): Illuminate\\Http\\Middleware\\TrustProxies->handle()
#34 /home/tomas/Projetos/ChatBotBack/chat-bot/vendor/laravel/framework/src/Illuminate/Pipeline/Pipeline.php(116): Illuminate\\Pipeline\\Pipeline->Illuminate\\Pipeline\\{closure}()
#35 /home/tomas/Projetos/ChatBotBack/chat-bot/vendor/laravel/framework/src/Illuminate/Foundation/Http/Kernel.php(175): Illuminate\\Pipeline\\Pipeline->then()
#36 /home/tomas/Projetos/ChatBotBack/chat-bot/vendor/laravel/framework/src/Illuminate/Foundation/Http/Kernel.php(144): Illuminate\\Foundation\\Http\\Kernel->sendRequestThroughRouter()
#37 /home/tomas/Projetos/ChatBotBack/chat-bot/public/index.php(52): Illuminate\\Foundation\\Http\\Kernel->handle()
#38 /home/tomas/Projetos/ChatBotBack/chat-bot/vendor/laravel/framework/src/Illuminate/Foundation/resources/server.php(16): require_once('...')
#39 {main}
"} 
